<?xml version="1.0" encoding="UTF-8"?>
<!-- Generated by org.testng.reporters.JUnitReportReporter -->
<testsuite hostname="DESKTOP-LK7H50A" failures="0" tests="1" name="findElement.FindElementByTagName" time="0.782" errors="0" timestamp="2023-02-14T16:30:28 EET" skipped="0">
  <testcase classname="findElement.FindElementByTagName" name="ElementByTagName" time="0.782"/>
  <system-out/>
</testsuite> <!-- findElement.FindElementByTagName -->
