<?xml version="1.0" encoding="UTF-8"?>
<!-- Generated by org.testng.reporters.JUnitReportReporter -->
<testsuite hostname="MustafaNgm" failures="0" tests="1" name="actions.TestFrames" time="0.158" errors="0" timestamp="2024-04-02T16:40:50 EET" skipped="0">
  <testcase classname="actions.TestFrames" name="TestFramesWithIDorName" time="0.158"/>
  <system-out/>
</testsuite> <!-- actions.TestFrames -->
