<?xml version="1.0" encoding="UTF-8"?>
<!-- Generated by org.testng.reporters.JUnitReportReporter -->
<testsuite hostname="MustafaNgm" failures="0" tests="2" name="actions.MultipleWindowsTest" time="1.065" errors="0" timestamp="2024-02-19T09:35:37 EET" skipped="0">
  <testcase classname="actions.MultipleWindowsTest" name="TestWindowUsingTitle" time="0.582"/>
  <system-out/>
  <testcase classname="actions.MultipleWindowsTest" name="TestWindowUsingName" time="0.483"/>
  <system-out/>
</testsuite> <!-- actions.MultipleWindowsTest -->
