<?xml version="1.0" encoding="UTF-8"?>
<!-- Generated by org.testng.reporters.JUnitReportReporter -->
<testsuite hostname="MustafaNgm" failures="0" tests="1" name="actions.Do" time="1.445" errors="0" timestamp="2024-05-20T15:59:40 EEST" skipped="0">
  <testcase classname="actions.Do" name="loginsuccess" time="1.445"/>
  <system-out/>
</testsuite> <!-- actions.Do -->
