<?xml version="1.0" encoding="UTF-8"?>
<!-- Generated by org.testng.reporters.JUnitReportReporter -->
<testsuite hostname="MustafaNgm" failures="0" tests="1" name="actions.CheckAllBrokenLinks" time="36.519" errors="0" timestamp="2024-09-25T15:37:35 EEST" skipped="0">
  <testcase classname="actions.CheckAllBrokenLinks" name="testBrokenLinks" time="36.519"/>
  <system-out/>
</testsuite> <!-- actions.CheckAllBrokenLinks -->
