<?xml version="1.0" encoding="UTF-8"?>
<!-- Generated by org.testng.reporters.JUnitReportReporter -->
<testsuite hostname="DESKTOP-LK7H50A" failures="0" tests="1" name="findElement.FindElementByCSSSelector" time="0.137" errors="0" timestamp="2023-12-18T17:07:20 EET" skipped="0">
  <testcase classname="findElement.FindElementByCSSSelector" name="ElementByCSS" time="0.137"/>
  <system-out/>
</testsuite> <!-- findElement.FindElementByCSSSelector -->
