<?xml version="1.0" encoding="UTF-8"?>
<!-- Generated by org.testng.reporters.JUnitReportReporter -->
<testsuite hostname="DESKTOP-LK7H50A" failures="0" tests="1" name="actions.DropDownList" time="4.388" errors="0" timestamp="2023-09-12T13:37:16 EET" skipped="0">
  <testcase classname="actions.DropDownList" name="dropdownlist" time="4.388"/>
  <system-out/>
</testsuite> <!-- actions.DropDownList -->
