<?xml version="1.0" encoding="UTF-8"?>
<!-- Generated by org.testng.reporters.JUnitReportReporter -->
<testsuite hostname="MustafaNgm" failures="0" tests="2" name="actions.Copy_Past" time="4.863" errors="0" timestamp="2024-07-01T16:16:00 EEST" skipped="0">
  <testcase classname="actions.Copy_Past" name="pastvalue" time="4.674"/>
  <system-out/>
  <testcase classname="actions.Copy_Past" name="play" time="0.189"/>
  <system-out/>
</testsuite> <!-- actions.Copy_Past -->
