<?xml version="1.0" encoding="UTF-8"?>
<!-- Generated by org.testng.reporters.JUnitReportReporter -->
<testsuite hostname="MustafaNgm" failures="0" tests="1" name="actions.RightClick" time="0.405" errors="0" timestamp="2024-03-05T11:35:08 EET" skipped="0">
  <testcase classname="actions.RightClick" name="rightclick" time="0.405"/>
  <system-out/>
</testsuite> <!-- actions.RightClick -->
