<?xml version="1.0" encoding="UTF-8"?>
<!-- Generated by org.testng.reporters.JUnitReportReporter -->
<testsuite hostname="MustafaNgm" failures="0" tests="1" name="actions.DragDrop" time="0.306" errors="0" timestamp="2024-09-30T16:22:22 EEST" skipped="0">
  <testcase classname="actions.DragDrop" name="DragAndDrop" time="0.306"/>
  <system-out/>
</testsuite> <!-- actions.DragDrop -->
