<?xml version="1.0" encoding="UTF-8"?>
<!-- Generated by org.testng.reporters.JUnitReportReporter -->
<testsuite hostname="MustafaNgm" failures="0" tests="1" name="actions.Tablesssss" time="0.303" errors="0" timestamp="2024-01-14T14:21:41 EET" skipped="0">
  <testcase classname="actions.Tablesssss" name="table" time="0.303"/>
  <system-out/>
</testsuite> <!-- actions.Tablesssss -->
