<?xml version="1.0" encoding="UTF-8"?>
<!-- Generated by org.testng.reporters.JUnitReportReporter -->
<testsuite hostname="DESKTOP-LK7H50A" failures="0" tests="1" name="findElement.FindELementsList" time="2.061" errors="0" timestamp="2023-02-14T15:11:43 EET" skipped="0">
  <testcase classname="findElement.FindELementsList" name="ElementsList" time="2.061"/>
  <system-out/>
</testsuite> <!-- findElement.FindELementsList -->
