<?xml version="1.0" encoding="UTF-8"?>
<!-- Generated by org.testng.reporters.JUnitReportReporter -->
<testsuite hostname="DESKTOP-JEFKEU0" failures="0" tests="2" name="findElement.FindElementByLink" time="0.076" errors="0" timestamp="2023-12-26T10:42:54 EET" skipped="0">
  <testcase classname="findElement.FindElementByLink" name="tixtlinkText" time="0.030"/>
  <system-out/>
  <testcase classname="findElement.FindElementByLink" name="tixtlinkPartialText" time="0.046"/>
  <system-out/>
</testsuite> <!-- findElement.FindElementByLink -->
