<?xml version="1.0" encoding="UTF-8"?>
<!-- Generated by org.testng.reporters.JUnitReportReporter -->
<testsuite hostname="DESKTOP-LK7H50A" failures="0" tests="1" name="findElement.FindTableElementByID" time="0.102" errors="0" timestamp="2023-08-14T12:10:57 EET" skipped="0">
  <testcase classname="findElement.FindTableElementByID" name="FindTable" time="0.102"/>
  <system-out/>
</testsuite> <!-- findElement.FindTableElementByID -->
