<?xml version="1.0" encoding="UTF-8"?>
<!-- Generated by org.testng.reporters.JUnitReportReporter -->
<testsuite hostname="MustafaNgm" failures="0" tests="1" name="actions.ScrollOnPage" time="1.891" errors="0" timestamp="2024-07-01T15:36:25 EEST" skipped="0">
  <testcase classname="actions.ScrollOnPage" name="ScrollUsingJS" time="1.891"/>
  <system-out/>
</testsuite> <!-- actions.ScrollOnPage -->
