<?xml version="1.0" encoding="UTF-8"?>
<!-- Generated by org.testng.reporters.JUnitReportReporter -->
<testsuite hostname="MustafaNgm" failures="0" tests="1" name="courses.ewf" time="13.932" errors="0" timestamp="2024-10-02T16:56:52 EEST" skipped="0">
  <testcase classname="courses.ewf" name="test" time="13.932"/>
  <system-out/>
</testsuite> <!-- courses.ewf -->
