<?xml version="1.0" encoding="UTF-8"?>
<!-- Generated by org.testng.reporters.JUnitReportReporter -->
<testsuite hostname="DESKTOP-LK7H50A" failures="0" tests="1" name="findElement.FindElementByName" time="0.042" errors="0" timestamp="2023-02-14T14:04:32 EET" skipped="0">
  <testcase classname="findElement.FindElementByName" name="FindElementWithName" time="0.042"/>
  <system-out/>
</testsuite> <!-- findElement.FindElementByName -->
