<?xml version="1.0" encoding="UTF-8"?>
<!-- Generated by org.testng.reporters.JUnitReportReporter -->
<testsuite hostname="MustafaNgm" failures="0" tests="2" name="actions.DoubleClickAction$DropDownList" time="0.822" errors="0" timestamp="2024-03-18T13:31:51 EET" skipped="0">
  <testcase classname="actions.DoubleClickAction$DropDownList" name="performDoubleClickAction" time="0.161"/>
  <system-out/>
  <testcase classname="actions.DoubleClickAction$DropDownList" name="opendubleclickpage" time="0.661"/>
  <system-out/>
</testsuite> <!-- actions.DoubleClickAction$DropDownList -->
