<?xml version="1.0" encoding="UTF-8"?>
<!-- Generated by org.testng.reporters.JUnitReportReporter -->
<testsuite hostname="DESKTOP-LK7H50A" failures="0" tests="1" name="findElement.FindElementByClass" time="0.170" errors="0" timestamp="2023-04-30T12:18:02 EET" skipped="0">
  <testcase classname="findElement.FindElementByClass" name="FindElementWithName" time="0.170"/>
  <system-out/>
</testsuite> <!-- findElement.FindElementByClass -->
