<?xml version="1.0" encoding="UTF-8"?>
<!-- Generated by org.testng.reporters.JUnitReportReporter -->
<testsuite hostname="DESKTOP-LK7H50A" failures="0" tests="1" name="actions.TextboxAndButtons2" time="1.752" errors="0" timestamp="2023-08-14T09:06:04 EET" skipped="0">
  <testcase classname="actions.TextboxAndButtons2" name="Login" time="1.752"/>
  <system-out/>
</testsuite> <!-- actions.TextboxAndButtons2 -->
