<?xml version="1.0" encoding="UTF-8"?>
<!-- Generated by org.testng.reporters.JUnitReportReporter -->
<testsuite hostname="MustafaNgm" failures="0" tests="3" name="actions.CheckJavaScriptAlert$JavaScriptAlert" time="0.411" errors="0" timestamp="2024-04-24T11:47:11 EET" skipped="0">
  <testcase classname="actions.CheckJavaScriptAlert$JavaScriptAlert" name="TestAlert" time="0.157"/>
  <system-out/>
  <testcase classname="actions.CheckJavaScriptAlert$JavaScriptAlert" name="ConfirmAlert" time="0.164"/>
  <system-out/>
  <testcase classname="actions.CheckJavaScriptAlert$JavaScriptAlert" name="AlertSendKeys" time="0.090"/>
  <system-out/>
</testsuite> <!-- actions.CheckJavaScriptAlert$JavaScriptAlert -->
