<?xml version="1.0" encoding="UTF-8"?>
<!-- Generated by org.testng.reporters.JUnitReportReporter -->
<testsuite hostname="DESKTOP-LK7H50A" failures="0" tests="1" name="findElement.FindElementByXpath" time="0.313" errors="0" timestamp="2023-02-14T17:45:15 EET" skipped="0">
  <testcase classname="findElement.FindElementByXpath" name="ElementByXpath" time="0.313"/>
  <system-out/>
</testsuite> <!-- findElement.FindElementByXpath -->
