<?xml version="1.0" encoding="UTF-8"?>
<!-- Generated by org.testng.reporters.JUnitReportReporter -->
<testsuite hostname="MustafaNgm" failures="0" tests="2" name="actions.CheckBox$DropDownList" time="0.527" errors="0" timestamp="2024-09-30T17:35:31 EEST" skipped="0">
  <testcase classname="actions.CheckBox$DropDownList" name="dropdownlist" time="0.496"/>
  <system-out/>
  <testcase classname="actions.CheckBox$DropDownList" name="testiselementpresent" time="0.031"/>
  <system-out/>
</testsuite> <!-- actions.CheckBox$DropDownList -->
